2026-07-07 18:18:33 - DokuWiki is UP (200)
2026-07-07 18:18:33 - Nginx Proxy Manager (Web) is UP (200)
2026-07-07 18:18:33 - Nginx Proxy Manager (Admin) is UP (200)
2026-07-07 18:18:33 - Uptime Kuma is UP (200)
2026-07-07 18:18:33 - Nagios responded but may need attention (401)
2026-07-07 18:18:33 - Grafana is UP (200)
2026-07-07 18:18:33 - Prometheus is UP (200)
2026-07-07 18:18:33 - Node Exporter is UP (200)
2026-07-07 18:18:33 - BlackBox Exporter is UP (200)
2026-07-07 18:21:43 - DokuWiki is UP (200)
2026-07-07 18:21:43 - Nginx Proxy Manager (Web) is UP (200)
2026-07-07 18:21:43 - Nginx Proxy Manager (Admin) is UP (200)
2026-07-07 18:21:43 - Uptime Kuma is UP (200)
2026-07-07 18:21:43 - Nagios responded but may need attention (401)
2026-07-07 18:21:43 - Grafana is UP (200)
2026-07-07 18:21:43 - Prometheus is UP (200)
2026-07-07 18:21:43 - Node Exporter is UP (200)
2026-07-07 18:21:43 - BlackBox Exporter is UP (200)
2026-07-07 18:28:12 - DokuWiki is UP (200)
2026-07-07 18:28:12 - Nginx Proxy Manager (Web) is UP (200)
2026-07-07 18:28:12 - Nginx Proxy Manager (Admin) is UP (200)
2026-07-07 18:28:12 - Uptime Kuma is UP (200)
2026-07-07 18:28:12 - Nagios responded but may need attention (401)
2026-07-07 18:28:12 - Grafana is UP (200)
2026-07-07 18:28:12 - Prometheus is UP (200)
2026-07-07 18:28:12 - Node Exporter is UP (200)
2026-07-07 18:28:12 - BlackBox Exporter is UP (200)
2026-07-07 18:30:50 - DokuWiki is UP (200)
2026-07-07 18:30:50 - Nginx Proxy Manager (Web) is UP (200)
2026-07-07 18:30:50 - Nginx Proxy Manager (Admin) is UP (200)
2026-07-07 18:30:50 - Uptime Kuma is UP (200)
2026-07-07 18:30:50 - Nagios responded but may need attention (401)
2026-07-07 18:30:50 - Grafana is UP (200)
2026-07-07 18:30:50 - Prometheus is UP (200)
2026-07-07 18:30:50 - Node Exporter is UP (200)
2026-07-07 18:30:50 - BlackBox Exporter is UP (200)
